c:\users\diaco\documents\visual studio 2015\projects\matricx_multiplication\matrix_multiplication_threads\debug\vc140.pdb
c:\users\diaco\documents\visual studio 2015\projects\matricx_multiplication\matrix_multiplication_threads\debug\vc140.idb
c:\users\diaco\documents\visual studio 2015\projects\matricx_multiplication\matrix_multiplication_threads\debug\source.nativecodeanalysis.xml
c:\users\diaco\documents\visual studio 2015\projects\matricx_multiplication\matrix_multiplication_threads\debug\source.obj
c:\users\diaco\documents\pda\pda\matricx_multiplication\matrix_multiplication_threads\debug\vc140.pdb
c:\users\diaco\documents\pda\pda\matricx_multiplication\matrix_multiplication_threads\debug\vc140.idb
c:\users\diaco\documents\pda\pda\matricx_multiplication\matrix_multiplication_threads\debug\source.obj
c:\users\diaco\documents\visual studio 2015\projects\matricx_multiplication\debug\matrix_multiplication_threads.ilk
c:\users\diaco\documents\visual studio 2015\projects\matricx_multiplication\debug\matrix_multiplication_threads.exe
c:\users\diaco\documents\visual studio 2015\projects\matricx_multiplication\debug\matrix_multiplication_threads.pdb
c:\users\diaco\documents\pda\pda\matricx_multiplication\debug\matrix_multiplication_threads.ilk
c:\users\diaco\documents\pda\pda\matricx_multiplication\debug\matrix_multiplication_threads.exe
c:\users\diaco\documents\pda\pda\matricx_multiplication\debug\matrix_multiplication_threads.pdb
c:\users\diaco\documents\pda\pda\matricx_multiplication\matrix_multiplication_threads\debug\nativecodeanalysis.read.1.tlog
c:\users\diaco\documents\pda\pda\matricx_multiplication\matrix_multiplication_threads\debug\source.nativecodeanalysis.xml
c:\users\diaco\documents\pda\pda\matricx_multiplication\matrix_multiplication_threads\debug\vc.nativecodeanalysis.all.xml
c:\users\diaco\documents\pda\pda\matricx_multiplication\debug\matrix_multiplication_threads.exe.lastcodeanalysissucceeded
c:\users\diaco\documents\pda\pda\matricx_multiplication\matrix_multiplication_threads\debug\matrix_m.ce07366f.tlog\cl.command.1.tlog
c:\users\diaco\documents\pda\pda\matricx_multiplication\matrix_multiplication_threads\debug\matrix_m.ce07366f.tlog\cl.read.1.tlog
c:\users\diaco\documents\pda\pda\matricx_multiplication\matrix_multiplication_threads\debug\matrix_m.ce07366f.tlog\cl.write.1.tlog
c:\users\diaco\documents\pda\pda\matricx_multiplication\matrix_multiplication_threads\debug\matrix_m.ce07366f.tlog\link.command.1.tlog
c:\users\diaco\documents\pda\pda\matricx_multiplication\matrix_multiplication_threads\debug\matrix_m.ce07366f.tlog\link.read.1.tlog
c:\users\diaco\documents\pda\pda\matricx_multiplication\matrix_multiplication_threads\debug\matrix_m.ce07366f.tlog\link.write.1.tlog
